============================= test session starts ==============================
platform linux -- Python 3.11.15, pytest-9.1.1, pluggy-1.6.0 -- /home/matt/.hermes/hermes-agent/venv/bin/python
cachedir: .pytest_cache
rootdir: /media/matt/Storage/Brain/Pokemon Card Database
plugins: anyio-4.12.1
collecting ... collected 71 items

tests/test_api_v1_contract.py::test_v1_health_envelope PASSED            [  1%]
tests/test_api_v1_contract.py::test_v1_search_basic PASSED               [  2%]
tests/test_api_v1_contract.py::test_v1_search_language_filter PASSED     [  4%]
tests/test_api_v1_contract.py::test_v1_search_no_query_returns_results PASSED [  5%]
tests/test_api_v1_contract.py::test_v1_search_pagination_offset PASSED   [  7%]
tests/test_api_v1_contract.py::test_v1_search_invalid_limit PASSED       [  8%]
tests/test_api_v1_contract.py::test_v1_search_invalid_offset PASSED      [  9%]
tests/test_api_v1_contract.py::test_v1_search_unsupported_sort PASSED    [ 11%]
tests/test_api_v1_contract.py::test_v1_card_detail PASSED                [ 12%]
tests/test_api_v1_contract.py::test_v1_card_detail_slash_alias PASSED    [ 14%]
tests/test_api_v1_contract.py::test_v1_card_detail_not_found PASSED      [ 15%]
tests/test_api_v1_contract.py::test_v1_card_detail_invalid_key PASSED    [ 16%]
tests/test_api_v1_contract.py::test_v1_card_detail_has_price_fields PASSED [ 18%]
tests/test_api_v1_contract.py::test_v1_sets_list PASSED                  [ 19%]
tests/test_api_v1_contract.py::test_v1_sets_list_language_filter PASSED  [ 21%]
tests/test_api_v1_contract.py::test_v1_sets_list_name_search PASSED      [ 22%]
tests/test_api_v1_contract.py::test_v1_sets_detail PASSED                [ 23%]
tests/test_api_v1_contract.py::test_v1_sets_detail_not_found PASSED      [ 25%]
tests/test_api_v1_contract.py::test_v1_languages_list PASSED             [ 26%]
tests/test_api_v1_contract.py::test_v1_card_images PASSED                [ 28%]
tests/test_api_v1_contract.py::test_v1_card_images_not_found PASSED      [ 29%]
tests/test_api_v1_contract.py::test_v1_card_price_summary PASSED         [ 30%]
tests/test_api_v1_contract.py::test_v1_card_price_summary_not_found PASSED [ 32%]
tests/test_api_v1_contract.py::test_v1_card_price_history PASSED         [ 33%]
tests/test_api_v1_contract.py::test_v1_card_price_history_bucket_filter PASSED [ 35%]
tests/test_api_v1_contract.py::test_v1_card_price_history_not_found PASSED [ 36%]
tests/test_api_v1_contract.py::test_v1_admin_create_key PASSED           [ 38%]
tests/test_api_v1_contract.py::test_v1_admin_list_keys PASSED            [ 39%]
tests/test_api_v1_contract.py::test_v1_admin_deactivate_key PASSED       [ 40%]
tests/test_api_v1_contract.py::test_v1_admin_deactivate_nonexistent_key PASSED [ 42%]
tests/test_api_v1_contract.py::test_v1_admin_quota_status PASSED         [ 43%]
tests/test_api_v1_contract.py::test_v1_admin_quota_nonexistent_key PASSED [ 45%]
tests/test_api_v1_contract.py::test_v1_no_key_required_by_default PASSED [ 46%]
tests/test_api_v1_contract.py::test_legacy_health PASSED                 [ 47%]
tests/test_api_v1_contract.py::test_legacy_search PASSED                 [ 49%]
tests/test_api_v1_contract.py::test_legacy_card_detail PASSED            [ 50%]
tests/test_api_v1_contract.py::test_legacy_coverage PASSED               [ 52%]
tests/test_api_v1_contract.py::test_schema_migrations_table PASSED       [ 53%]
tests/test_api_v1_contract.py::test_no_rapidapi_spend PASSED             [ 54%]
tests/test_api_v1_contract.py::test_v1_card_detail_has_name_english PASSED [ 56%]
tests/test_api_v1_contract.py::test_v1_card_detail_non_english_has_translation PASSED [ 57%]
tests/test_api_v1_contract.py::test_v1_card_detail_japanese_has_translation PASSED [ 59%]
tests/test_api_v1_contract.py::test_v1_search_results_include_name_english PASSED [ 60%]
tests/test_api_v1_contract.py::test_v1_i18n_coverage_endpoint PASSED     [ 61%]
tests/test_api_v1_contract.py::test_translation_table_exists PASSED      [ 63%]
tests/test_api_v1_contract.py::test_search_finds_non_english_cards_by_english_name PASSED [ 64%]
tests/test_api_v1_contract.py::test_search_finds_japanese_cards_by_english_name PASSED [ 66%]
tests/test_api_v1_contract.py::test_search_finds_german_cards_by_english_name PASSED [ 67%]
tests/test_api_v1_contract.py::test_price_query_uses_english_name PASSED [ 69%]
tests/test_api_v1_contract.py::test_price_query_db_lookup PASSED         [ 70%]
tests/test_api_v1_contract.py::test_v1_card_detail_includes_price_query PASSED [ 71%]
tests/test_api_v1_contract.py::test_price_query_strips_template_rarity PASSED [ 73%]
tests/test_pricing_v8.py::test_exact_vs_wrong_number_variant PASSED      [ 74%]
tests/test_pricing_v8.py::test_number_formats PASSED                     [ 76%]
tests/test_pricing_v8.py::test_variant_notation_exact_match PASSED       [ 77%]
tests/test_pricing_v8.py::test_fallback_preserves_set_code PASSED        [ 78%]
tests/test_pricing_v8.py::test_fallback_no_set_code PASSED               [ 80%]
tests/test_pricing_v8.py::test_fallback_count_trigger PASSED             [ 81%]
tests/test_pricing_v8.py::test_condition_exclusion PASSED                [ 83%]
tests/test_pricing_v8.py::test_postage_exclusion PASSED                  [ 84%]
tests/test_pricing_v8.py::test_graded_exact_matching PASSED              [ 85%]
tests/test_pricing_v8.py::test_identity_unknown_classification PASSED    [ 87%]
tests/test_pricing_v8.py::test_no_match_conflicting PASSED               [ 88%]
tests/test_pricing_v8.py::test_algorithm_version PASSED                  [ 90%]
tests/test_pricing_v8.py::test_new_tables_in_migrations PASSED           [ 91%]
tests/test_pricing_v8.py::test_pydantic_models_exist PASSED              [ 92%]
tests/test_pricing_v8.py::test_api_contract_compatibility PASSED         [ 94%]
tests/test_pricing_v8.py::test_language_persistence_in_persist_function PASSED [ 95%]
tests/test_pricing_v8.py::test_cache_version_column PASSED               [ 97%]
tests/test_pricing_v8.py::test_confidence_score_component PASSED         [ 98%]
tests/test_pricing_v8.py::test_source_semantics_truthful PASSED          [100%]

======================== 71 passed in 69.59s (0:01:09) =========================
============================= test session starts ==============================
platform linux -- Python 3.11.15, pytest-9.1.1, pluggy-1.6.0 -- /home/matt/.hermes/hermes-agent/venv/bin/python
cachedir: .pytest_cache
rootdir: /media/matt/Storage/Brain/Pokemon Card Database
plugins: anyio-4.12.1
collecting ... collected 25 items

tests/test_inventory_v9.py::test_cross_tenant_read_isolation PASSED      [  4%]
tests/test_inventory_v9.py::test_cross_tenant_write_isolation PASSED     [  8%]
tests/test_inventory_v9.py::test_cross_tenant_transaction_isolation PASSED [ 12%]
tests/test_inventory_v9.py::test_immutable_ledger_rejects_update PASSED  [ 16%]
tests/test_inventory_v9.py::test_immutable_ledger_rejects_delete PASSED  [ 20%]
tests/test_inventory_v9.py::test_concurrency_conflict PASSED             [ 24%]
tests/test_inventory_v9.py::test_valid_status_transitions PASSED         [ 28%]
tests/test_inventory_v9.py::test_invalid_status_transitions PASSED       [ 32%]
tests/test_inventory_v9.py::test_membership_less_key_rejection PASSED    [ 36%]
tests/test_inventory_v9.py::test_admin_list_tenants PASSED               [ 40%]
tests/test_inventory_v9.py::test_admin_create_tenant_atomic PASSED       [ 44%]
tests/test_inventory_v9.py::test_put_rejects_location_changes PASSED     [ 48%]
tests/test_inventory_v9.py::test_create_physical_item PASSED             [ 52%]
tests/test_inventory_v9.py::test_get_inventory_item PASSED               [ 56%]
tests/test_inventory_v9.py::test_list_inventory_items PASSED             [ 60%]
tests/test_inventory_v9.py::test_invalid_sku_rejected PASSED             [ 64%]
tests/test_inventory_v9.py::test_update_item_metadata PASSED             [ 68%]
tests/test_inventory_v9.py::test_status_change_creates_transaction PASSED [ 72%]
tests/test_inventory_v9.py::test_location_change_creates_transaction PASSED [ 76%]
tests/test_inventory_v9.py::test_transaction_history PASSED              [ 80%]
tests/test_inventory_v9.py::test_valuation_endpoint PASSED               [ 84%]
tests/test_inventory_v9.py::test_migration_repeatability PASSED          [ 88%]
tests/test_inventory_v9.py::test_admin_audit_log_immutability PASSED     [ 92%]
tests/test_inventory_v9.py::test_ledger_tenant_consistency PASSED        [ 96%]
tests/test_inventory_v9.py::test_no_rapidapi_requests_used PASSED        [100%]

============================= 25 passed in 43.57s ==============================
============================= test session starts ==============================
platform linux -- Python 3.11.15, pytest-9.1.1, pluggy-1.6.0 -- /home/matt/.hermes/hermes-agent/venv/bin/python
cachedir: .pytest_cache
rootdir: /media/matt/Storage/Brain/Pokemon Card Database
plugins: anyio-4.12.1
collecting ... collected 47 items

tests/test_image_gateway_v9_1.py::test_v1_image_metadata_endpoint_exists PASSED [  2%]
tests/test_image_gateway_v9_1.py::test_no_raw_images_static_mount PASSED [  4%]
tests/test_image_gateway_v9_1.py::test_no_raw_images_subpath PASSED      [  6%]
tests/test_image_gateway_v9_1.py::test_image_content_requires_auth PASSED [  8%]
tests/test_image_gateway_v9_1.py::test_image_content_insufficient_scope PASSED [ 10%]
tests/test_image_gateway_v9_1.py::test_image_gateway_health PASSED       [ 12%]
tests/test_image_gateway_v9_1.py::test_image_gateway_delivery_returns_full_headers PASSED [ 14%]
tests/test_image_gateway_v9_1.py::test_image_delivery_policies_table_exists PASSED [ 17%]
tests/test_image_gateway_v9_1.py::test_global_policy_seeded PASSED       [ 19%]
tests/test_image_gateway_v9_1.py::test_global_policy_blocks_delivery_when_disabled PASSED [ 21%]
tests/test_image_gateway_v9_1.py::test_unknown_source_blocked_even_with_global_enabled PASSED [ 23%]
tests/test_image_gateway_v9_1.py::test_disabled_global_policy_survives_restart PASSED [ 25%]
tests/test_image_gateway_v9_1.py::test_card_policy_overrides_global PASSED [ 27%]
tests/test_image_gateway_v9_1.py::test_policy_precedence_card_wins PASSED [ 29%]
tests/test_image_gateway_v9_1.py::test_admin_list_policies PASSED        [ 31%]
tests/test_image_gateway_v9_1.py::test_admin_create_policy PASSED        [ 34%]
tests/test_image_gateway_v9_1.py::test_admin_non_admin_cannot_create_policy PASSED [ 36%]
tests/test_image_gateway_v9_1.py::test_admin_global_policy_requires_strongest_scope PASSED [ 38%]
tests/test_image_gateway_v9_1.py::test_takedown_tables_exist PASSED      [ 40%]
tests/test_image_gateway_v9_1.py::test_takedown_case_create_and_list PASSED [ 42%]
tests/test_image_gateway_v9_1.py::test_takedown_events_immutable PASSED  [ 44%]
tests/test_image_gateway_v9_1.py::test_signed_url_generation PASSED      [ 46%]
tests/test_image_gateway_v9_1.py::test_signed_url_verified_at_delivery PASSED [ 48%]
tests/test_image_gateway_v9_1.py::test_delivery_log_table_exists PASSED  [ 51%]
tests/test_image_gateway_v9_1.py::test_delivery_logs_recorded PASSED     [ 53%]
tests/test_image_gateway_v9_1.py::test_derivative_cache_table_exists PASSED [ 55%]
tests/test_image_gateway_v9_1.py::test_derivative_allowed_sizes PASSED   [ 57%]
tests/test_image_gateway_v9_1.py::test_physical_item_photos_table_exists PASSED [ 59%]
tests/test_image_gateway_v9_1.py::test_physical_item_photos_tenant_isolation PASSED [ 61%]
tests/test_image_gateway_v9_1.py::test_no_local_path_in_image_response PASSED [ 63%]
tests/test_image_gateway_v9_1.py::test_rate_limiter_basic PASSED         [ 65%]
tests/test_image_gateway_v9_1.py::test_image_delivery_quota_table PASSED [ 68%]
tests/test_image_gateway_v9_1.py::test_image_delivery_quota_enforcement PASSED [ 70%]
tests/test_image_gateway_v9_1.py::test_safe_image_path_rejects_traversal PASSED [ 72%]
tests/test_image_gateway_v9_1.py::test_admin_policy_changes_audited PASSED [ 74%]
tests/test_image_gateway_v9_1.py::test_gateway_rejects_invalid_size PASSED [ 76%]
tests/test_image_gateway_v9_1.py::test_no_rapidapi_calls_in_tests PASSED [ 78%]
tests/test_image_gateway_v9_1.py::test_migration_idempotency PASSED      [ 80%]
tests/test_image_gateway_v9_1.py::test_service_works_with_images_disabled PASSED [ 82%]
tests/test_image_gateway_v9_1.py::test_no_localhost_bypass PASSED        [ 85%]
tests/test_image_gateway_v9_1.py::test_delivery_aggregation_table_exists PASSED [ 87%]
tests/test_image_gateway_v9_1.py::test_delivery_log_aggregation_and_cleanup PASSED [ 89%]
tests/test_image_gateway_v9_1.py::test_physical_photo_create_and_list PASSED [ 91%]
tests/test_image_gateway_v9_1.py::test_physical_photo_cross_tenant_rejection PASSED [ 93%]
tests/test_image_gateway_v9_1.py::test_takedown_atomic_rollback_after_event_write PASSED [ 95%]
tests/test_image_gateway_v9_1.py::test_global_policy_change_atomic_rollback PASSED [ 97%]
tests/test_image_gateway_v9_1.py::test_cleanup PASSED                    [100%]

======================== 47 passed in 86.95s (0:01:26) =========================
